AliyunSnap/snap_demo/build/outputs/logs/manifest-merger-debug-report.txt
-- Merging decision tree log ---
manifest
ADDED from src/main/AndroidManifest.xml:1:1-36:12
INJECTED from src/main/AndroidManifest.xml:1:1-36:12
INJECTED from src/main/AndroidManifest.xml:1:1-36:12
	package
		ADDED from src/main/AndroidManifest.xml:3:5-30
		INJECTED from src/main/AndroidManifest.xml
		INJECTED from src/main/AndroidManifest.xml
	xmlns:tools
		ADDED from src/main/AndroidManifest.xml:2:5-51
	xmlns:android
		ADDED from src/main/AndroidManifest.xml:1:11-69
application
ADDED from src/main/AndroidManifest.xml:5:5-34:19
	android:supportsRtl
		ADDED from src/main/AndroidManifest.xml:6:9-35
	android:label
		ADDED from src/main/AndroidManifest.xml:5:18-50
activity#com.aliyun.demo.snap.SnapCropSetting
ADDED from src/main/AndroidManifest.xml:7:9-10:20
	android:screenOrientation
		ADDED from src/main/AndroidManifest.xml:8:13-49
	android:windowSoftInputMode
		ADDED from src/main/AndroidManifest.xml:9:13-52
	android:name
		ADDED from src/main/AndroidManifest.xml:7:19-70
activity#com.aliyun.demo.snap.SnapRecorderSetting
ADDED from src/main/AndroidManifest.xml:11:9-15:20
	android:screenOrientation
		ADDED from src/main/AndroidManifest.xml:12:13-49
	android:windowSoftInputMode
		ADDED from src/main/AndroidManifest.xml:13:13-52
	android:name
		ADDED from src/main/AndroidManifest.xml:11:19-74
activity#com.aliyun.demo.crop.MediaActivity
ADDED from src/main/AndroidManifest.xml:17:9-21:20
	android:screenOrientation
		ADDED from src/main/AndroidManifest.xml:20:13-49
	android:theme
		ADDED from src/main/AndroidManifest.xml:18:13-55
	tools:replace
		ADDED from src/main/AndroidManifest.xml:19:13-42
	android:name
		ADDED from src/main/AndroidManifest.xml:17:19-68
activity#com.aliyun.demo.crop.AliyunVideoCropActivity
ADDED from src/main/AndroidManifest.xml:23:9-27:20
	android:screenOrientation
		ADDED from src/main/AndroidManifest.xml:26:13-49
	android:theme
		ADDED from src/main/AndroidManifest.xml:24:13-55
	tools:replace
		ADDED from src/main/AndroidManifest.xml:25:13-42
	android:name
		ADDED from src/main/AndroidManifest.xml:23:19-78
activity#com.aliyun.apsaravideo.recorder.AliyunVideoRecorder
ADDED from src/main/AndroidManifest.xml:29:9-33:20
	android:screenOrientation
		ADDED from src/main/AndroidManifest.xml:32:13-49
	android:theme
		ADDED from src/main/AndroidManifest.xml:30:13-55
	tools:replace
		ADDED from src/main/AndroidManifest.xml:31:13-42
	android:name
		ADDED from src/main/AndroidManifest.xml:29:19-85
uses-sdk
INJECTED from src/main/AndroidManifest.xml reason: use-sdk injection requested
INJECTED from src/main/AndroidManifest.xml
INJECTED from src/main/AndroidManifest.xml
INJECTED from src/main/AndroidManifest.xml
INJECTED from src/main/AndroidManifest.xml
	android:targetSdkVersion
		INJECTED from src/main/AndroidManifest.xml
		ADDED from src/main/AndroidManifest.xml
		INJECTED from src/main/AndroidManifest.xml
	android:minSdkVersion
		INJECTED from src/main/AndroidManifest.xml
		ADDED from src/main/AndroidManifest.xml
		INJECTED from src/main/AndroidManifest.xml